#! /c/Source/iverilog-install/bin/vvp
:ivl_version "12.0 (devel)" "(s20150603-1539-g2693dd32b)";
:ivl_delay_selection "TYPICAL";
:vpi_time_precision - 12;
:vpi_module "C:\iverilog\lib\ivl\system.vpi";
:vpi_module "C:\iverilog\lib\ivl\vhdl_sys.vpi";
:vpi_module "C:\iverilog\lib\ivl\vhdl_textio.vpi";
:vpi_module "C:\iverilog\lib\ivl\v2005_math.vpi";
:vpi_module "C:\iverilog\lib\ivl\va_math.vpi";
S_00000176a428a120 .scope module, "full_adder_tb" "full_adder_tb" 2 3;
 .timescale -9 -12;
v00000176a4183b20_0 .var "a", 0 0;
v00000176a4183d00_0 .var "b", 0 0;
v00000176a41833a0_0 .var "c", 0 0;
v00000176a4183a80_0 .net "cy", 0 0, L_00000176a4289560;  1 drivers
v00000176a4183440_0 .net "s", 0 0, L_00000176a4289720;  1 drivers
S_00000176a4185980 .scope module, "uut" "full_adder" 2 13, 3 1 0, S_00000176a428a120;
 .timescale -9 -12;
    .port_info 0 /INPUT 1 "a";
    .port_info 1 /INPUT 1 "b";
    .port_info 2 /INPUT 1 "c";
    .port_info 3 /OUTPUT 1 "s";
    .port_info 4 /OUTPUT 1 "cy";
L_00000176a42891e0 .functor XOR 1, v00000176a4183b20_0, v00000176a4183d00_0, C4<0>, C4<0>;
L_00000176a4289720 .functor XOR 1, L_00000176a42891e0, v00000176a41833a0_0, C4<0>, C4<0>;
L_00000176a42895d0 .functor AND 1, v00000176a4183b20_0, v00000176a4183d00_0, C4<1>, C4<1>;
L_00000176a42893a0 .functor AND 1, v00000176a4183b20_0, v00000176a41833a0_0, C4<1>, C4<1>;
L_00000176a4289480 .functor OR 1, L_00000176a42895d0, L_00000176a42893a0, C4<0>, C4<0>;
L_00000176a4289250 .functor AND 1, v00000176a4183d00_0, v00000176a41833a0_0, C4<1>, C4<1>;
L_00000176a4289560 .functor OR 1, L_00000176a4289480, L_00000176a4289250, C4<0>, C4<0>;
v00000176a428b8e0_0 .net *"_ivl_0", 0 0, L_00000176a42891e0;  1 drivers
v00000176a4286a10_0 .net *"_ivl_10", 0 0, L_00000176a4289250;  1 drivers
v00000176a418a8c0_0 .net *"_ivl_4", 0 0, L_00000176a42895d0;  1 drivers
v00000176a4289f60_0 .net *"_ivl_6", 0 0, L_00000176a42893a0;  1 drivers
v00000176a4185b10_0 .net *"_ivl_8", 0 0, L_00000176a4289480;  1 drivers
v00000176a4185bb0_0 .net "a", 0 0, v00000176a4183b20_0;  1 drivers
v00000176a4185c50_0 .net "b", 0 0, v00000176a4183d00_0;  1 drivers
v00000176a4185cf0_0 .net "c", 0 0, v00000176a41833a0_0;  1 drivers
v00000176a41d0010_0 .net "cy", 0 0, L_00000176a4289560;  alias, 1 drivers
v00000176a41d00b0_0 .net "s", 0 0, L_00000176a4289720;  alias, 1 drivers
    .scope S_00000176a428a120;
T_0 ;
    %vpi_call 2 24 "$dumpfile", "full_adder.vcd" {0 0 0};
    %vpi_call 2 25 "$dumpvars", 32'sb00000000000000000000000000000000, S_00000176a428a120 {0 0 0};
    %vpi_call 2 28 "$monitor", "a = %b, b = %b, c = %b, s = %b, cy = %b", v00000176a4183b20_0, v00000176a4183d00_0, v00000176a41833a0_0, v00000176a4183440_0, v00000176a4183a80_0 {0 0 0};
    %pushi/vec4 0, 0, 1;
    %store/vec4 v00000176a4183b20_0, 0, 1;
    %pushi/vec4 0, 0, 1;
    %store/vec4 v00000176a4183d00_0, 0, 1;
    %pushi/vec4 0, 0, 1;
    %store/vec4 v00000176a41833a0_0, 0, 1;
    %delay 10000, 0;
    %pushi/vec4 0, 0, 1;
    %store/vec4 v00000176a4183b20_0, 0, 1;
    %pushi/vec4 0, 0, 1;
    %store/vec4 v00000176a4183d00_0, 0, 1;
    %pushi/vec4 1, 0, 1;
    %store/vec4 v00000176a41833a0_0, 0, 1;
    %delay 10000, 0;
    %pushi/vec4 0, 0, 1;
    %store/vec4 v00000176a4183b20_0, 0, 1;
    %pushi/vec4 1, 0, 1;
    %store/vec4 v00000176a4183d00_0, 0, 1;
    %pushi/vec4 0, 0, 1;
    %store/vec4 v00000176a41833a0_0, 0, 1;
    %delay 10000, 0;
    %pushi/vec4 0, 0, 1;
    %store/vec4 v00000176a4183b20_0, 0, 1;
    %pushi/vec4 1, 0, 1;
    %store/vec4 v00000176a4183d00_0, 0, 1;
    %pushi/vec4 1, 0, 1;
    %store/vec4 v00000176a41833a0_0, 0, 1;
    %delay 10000, 0;
    %pushi/vec4 1, 0, 1;
    %store/vec4 v00000176a4183b20_0, 0, 1;
    %pushi/vec4 0, 0, 1;
    %store/vec4 v00000176a4183d00_0, 0, 1;
    %pushi/vec4 0, 0, 1;
    %store/vec4 v00000176a41833a0_0, 0, 1;
    %delay 10000, 0;
    %pushi/vec4 1, 0, 1;
    %store/vec4 v00000176a4183b20_0, 0, 1;
    %pushi/vec4 0, 0, 1;
    %store/vec4 v00000176a4183d00_0, 0, 1;
    %pushi/vec4 1, 0, 1;
    %store/vec4 v00000176a41833a0_0, 0, 1;
    %delay 10000, 0;
    %pushi/vec4 1, 0, 1;
    %store/vec4 v00000176a4183b20_0, 0, 1;
    %pushi/vec4 1, 0, 1;
    %store/vec4 v00000176a4183d00_0, 0, 1;
    %pushi/vec4 0, 0, 1;
    %store/vec4 v00000176a41833a0_0, 0, 1;
    %delay 10000, 0;
    %pushi/vec4 1, 0, 1;
    %store/vec4 v00000176a4183b20_0, 0, 1;
    %pushi/vec4 1, 0, 1;
    %store/vec4 v00000176a4183d00_0, 0, 1;
    %pushi/vec4 1, 0, 1;
    %store/vec4 v00000176a41833a0_0, 0, 1;
    %delay 10000, 0;
    %vpi_call 2 41 "$finish" {0 0 0};
    %end;
    .thread T_0;
# The file index is used to find the file name in the following table.
:file_names 4;
    "N/A";
    "<interactive>";
    "full_adder_tb.v";
    "./full_adder.v";
