#! /c/Source/iverilog-install/bin/vvp
:ivl_version "12.0 (devel)" "(s20150603-1539-g2693dd32b)";
:ivl_delay_selection "TYPICAL";
:vpi_time_precision - 12;
:vpi_module "C:\iverilog\lib\ivl\system.vpi";
:vpi_module "C:\iverilog\lib\ivl\vhdl_sys.vpi";
:vpi_module "C:\iverilog\lib\ivl\vhdl_textio.vpi";
:vpi_module "C:\iverilog\lib\ivl\v2005_math.vpi";
:vpi_module "C:\iverilog\lib\ivl\va_math.vpi";
S_00000234c82f5c50 .scope module, "xor_tb" "xor_tb" 2 4;
 .timescale -9 -12;
v00000234c82abae0_0 .var "a", 0 0;
v00000234c82abb80_0 .var "b", 0 0;
v00000234c82abc20_0 .net "f", 0 0, L_00000234c82abd30;  1 drivers
S_00000234c82f5de0 .scope module, "DUT" "xor_gate" 2 11, 3 3 0, S_00000234c82f5c50;
 .timescale -9 -12;
    .port_info 0 /INPUT 1 "a";
    .port_info 1 /INPUT 1 "b";
    .port_info 2 /OUTPUT 1 "f";
L_00000234c82a7120/d .functor NAND 1, v00000234c82abae0_0, v00000234c82abb80_0, C4<1>, C4<1>;
L_00000234c82a7120 .delay 1 (5000,5000,5000) L_00000234c82a7120/d;
L_00000234c82f4400/d .functor NAND 1, L_00000234c82a7120, v00000234c82abae0_0, C4<1>, C4<1>;
L_00000234c82f4400 .delay 1 (5000,5000,5000) L_00000234c82f4400/d;
L_00000234c82abcc0/d .functor NAND 1, L_00000234c82a7120, v00000234c82abb80_0, C4<1>, C4<1>;
L_00000234c82abcc0 .delay 1 (5000,5000,5000) L_00000234c82abcc0/d;
L_00000234c82abd30/d .functor NAND 1, L_00000234c82f4400, L_00000234c82abcc0, C4<1>, C4<1>;
L_00000234c82abd30 .delay 1 (5000,5000,5000) L_00000234c82abd30/d;
v00000234c82a91c0_0 .net "a", 0 0, v00000234c82abae0_0;  1 drivers
v00000234c82a6d40_0 .net "b", 0 0, v00000234c82abb80_0;  1 drivers
v00000234c82f5f70_0 .net "f", 0 0, L_00000234c82abd30;  alias, 1 drivers
v00000234c82f6010_0 .net "t1", 0 0, L_00000234c82a7120;  1 drivers
v00000234c82ab9a0_0 .net "t2", 0 0, L_00000234c82f4400;  1 drivers
v00000234c82aba40_0 .net "t3", 0 0, L_00000234c82abcc0;  1 drivers
    .scope S_00000234c82f5c50;
T_0 ;
    %vpi_call 2 18 "$monitor", "a = %b, b = %b, f = %b", v00000234c82abae0_0, v00000234c82abb80_0, v00000234c82abc20_0 {0 0 0};
    %pushi/vec4 0, 0, 1;
    %store/vec4 v00000234c82abae0_0, 0, 1;
    %pushi/vec4 0, 0, 1;
    %store/vec4 v00000234c82abb80_0, 0, 1;
    %delay 10000, 0;
    %pushi/vec4 0, 0, 1;
    %store/vec4 v00000234c82abae0_0, 0, 1;
    %pushi/vec4 1, 0, 1;
    %store/vec4 v00000234c82abb80_0, 0, 1;
    %delay 10000, 0;
    %pushi/vec4 1, 0, 1;
    %store/vec4 v00000234c82abae0_0, 0, 1;
    %pushi/vec4 0, 0, 1;
    %store/vec4 v00000234c82abb80_0, 0, 1;
    %delay 10000, 0;
    %pushi/vec4 1, 0, 1;
    %store/vec4 v00000234c82abae0_0, 0, 1;
    %pushi/vec4 1, 0, 1;
    %store/vec4 v00000234c82abb80_0, 0, 1;
    %delay 10000, 0;
    %vpi_call 2 25 "$finish" {0 0 0};
    %end;
    .thread T_0;
# The file index is used to find the file name in the following table.
:file_names 4;
    "N/A";
    "<interactive>";
    "xor_tb.v";
    "./xor.v";
